# JRE version: Java(TM) SE Runtime Environment (8.0_11-b12) (build 1.8.0_11-b12)
# Java VM: Java HotSpot(TM) 64-Bit Server VM (25.11-b03 mixed mode bsd-amd64 compressed oops)
Heap:
 PSYoungGen      total 11776K, used 1091K [0x00000007aab00000, 0x00000007ab800000, 0x00000007c0000000)
  eden space 10240K, 10% used [0x00000007aab00000,0x00000007aac00ed0,0x00000007ab500000)
  from space 1536K, 4% used [0x00000007ab500000,0x00000007ab510000,0x00000007ab680000)
  to   space 1536K, 0% used [0x00000007ab680000,0x00000007ab680000,0x00000007ab800000)
 ParOldGen       total 64000K, used 2249K [0x0000000780000000, 0x0000000783e80000, 0x00000007aab00000)
  object space 64000K, 3% used [0x0000000780000000,0x0000000780232648,0x0000000783e80000)
 Metaspace       used 8597K, capacity 8765K, committed 8960K, reserved 1056768K
  class space    used 919K, capacity 983K, committed 1024K, reserved 1048576K
GC Heap History (10 events):
Event: 7.034 GC heap before
{Heap before GC invocations=15 (full 0):
 PSYoungGen      total 12288K, used 11296K [0x00000007aab00000, 0x00000007ab900000, 0x00000007c0000000)
  eden space 11264K, 100% used [0x00000007aab00000,0x00000007ab600000,0x00000007ab600000)
  from space 1024K, 3% used [0x00000007ab800000,0x00000007ab808000,0x00000007ab900000)
  to   space 1536K, 0% used [0x00000007ab600000,0x00000007ab600000,0x00000007ab780000)
 ParOldGen       total 64000K, used 2201K [0x0000000780000000, 0x0000000783e80000, 0x00000007aab00000)
  object space 64000K, 3% used [0x0000000780000000,0x0000000780226648,0x0000000783e80000)
 Metaspace       used 8584K, capacity 8765K, committed 8960K, reserved 1056768K
  class space    used 918K, capacity 983K, committed 1024K, reserved 1048576K
Event: 7.035 GC heap after
Heap after GC invocations=15 (full 0):
 PSYoungGen      total 11264K, used 64K [0x00000007aab00000, 0x00000007ab880000, 0x00000007c0000000)
  eden space 10752K, 0% used [0x00000007aab00000,0x00000007aab00000,0x00000007ab580000)
  from space 512K, 12% used [0x00000007ab600000,0x00000007ab610000,0x00000007ab680000)
  to   space 1536K, 0% used [0x00000007ab700000,0x00000007ab700000,0x00000007ab880000)
 ParOldGen       total 64000K, used 2217K [0x0000000780000000, 0x0000000783e80000, 0x00000007aab00000)
  object space 64000K, 3% used [0x0000000780000000,0x000000078022a648,0x0000000783e80000)
 Metaspace       used 8584K, capacity 8765K, committed 8960K, reserved 1056768K
  class space    used 918K, capacity 983K, committed 1024K, reserved 1048576K
}
Event: 7.819 GC heap before
{Heap before GC invocations=16 (full 0):
 PSYoungGen      total 11264K, used 10816K [0x00000007aab00000, 0x00000007ab880000, 0x00000007c0000000)
  eden space 10752K, 100% used [0x00000007aab00000,0x00000007ab580000,0x00000007ab580000)
  from space 512K, 12% used [0x00000007ab600000,0x00000007ab610000,0x00000007ab680000)
  to   space 1536K, 0% used [0x00000007ab700000,0x00000007ab700000,0x00000007ab880000)
 ParOldGen       total 64000K, used 2217K [0x0000000780000000, 0x0000000783e80000, 0x00000007aab00000)
  object space 64000K, 3% used [0x0000000780000000,0x000000078022a648,0x0000000783e80000)
 Metaspace       used 8590K, capacity 8765K, committed 8960K, reserved 1056768K
  class space    used 918K, capacity 983K, committed 1024K, reserved 1048576K
Event: 7.820 GC heap after
Heap after GC invocations=16 (full 0):
 PSYoungGen      total 11264K, used 32K [0x00000007aab00000, 0x00000007ab800000, 0x00000007c0000000)
  eden space 10240K, 0% used [0x00000007aab00000,0x00000007aab00000,0x00000007ab500000)
  from space 1024K, 3% used [0x00000007ab700000,0x00000007ab708000,0x00000007ab800000)
  to   space 1536K, 0% used [0x00000007ab500000,0x00000007ab500000,0x00000007ab680000)
 ParOldGen       total 64000K, used 2233K [0x0000000780000000, 0x0000000783e80000, 0x00000007aab00000)
  object space 64000K, 3% used [0x0000000780000000,0x000000078022e648,0x0000000783e80000)
 Metaspace       used 8590K, capacity 8765K, committed 8960K, reserved 1056768K
  class space    used 918K, capacity 983K, committed 1024K, reserved 1048576K
}
Event: 8.570 GC heap before
{Heap before GC invocations=17 (full 0):
 PSYoungGen      total 11264K, used 10272K [0x00000007aab00000, 0x00000007ab800000, 0x00000007c0000000)
  eden space 10240K, 100% used [0x00000007aab00000,0x00000007ab500000,0x00000007ab500000)
  from space 1024K, 3% used [0x00000007ab700000,0x00000007ab708000,0x00000007ab800000)
  to   space 1536K, 0% used [0x00000007ab500000,0x00000007ab500000,0x00000007ab680000)
 ParOldGen       total 64000K, used 2233K [0x0000000780000000, 0x0000000783e80000, 0x00000007aab00000)
  object space 64000K, 3% used [0x0000000780000000,0x000000078022e648,0x0000000783e80000)
 Metaspace       used 8590K, capacity 8765K, committed 8960K, reserved 1056768K
  class space    used 918K, capacity 983K, committed 1024K, reserved 1048576K
Event: 8.571 GC heap after
Heap after GC invocations=17 (full 0):
 PSYoungGen      total 11776K, used 32K [0x00000007aab00000, 0x00000007ab800000, 0x00000007c0000000)
  eden space 10240K, 0% used [0x00000007aab00000,0x00000007aab00000,0x00000007ab500000)
  from space 1536K, 2% used [0x00000007ab500000,0x00000007ab508000,0x00000007ab680000)
  to   space 1536K, 0% used [0x00000007ab680000,0x00000007ab680000,0x00000007ab800000)
 ParOldGen       total 64000K, used 2249K [0x0000000780000000, 0x0000000783e80000, 0x00000007aab00000)
  object space 64000K, 3% used [0x0000000780000000,0x0000000780232648,0x0000000783e80000)
 Metaspace       used 8590K, capacity 8765K, committed 8960K, reserved 1056768K
  class space    used 918K, capacity 983K, committed 1024K, reserved 1048576K
}
Event: 9.331 GC heap before
{Heap before GC invocations=18 (full 0):
 PSYoungGen      total 11776K, used 10272K [0x00000007aab00000, 0x00000007ab800000, 0x00000007c0000000)
  eden space 10240K, 100% used [0x00000007aab00000,0x00000007ab500000,0x00000007ab500000)
  from space 1536K, 2% used [0x00000007ab500000,0x00000007ab508000,0x00000007ab680000)
  to   space 1536K, 0% used [0x00000007ab680000,0x00000007ab680000,0x00000007ab800000)
 ParOldGen       total 64000K, used 2249K [0x0000000780000000, 0x0000000783e80000, 0x00000007aab00000)
  object space 64000K, 3% used [0x0000000780000000,0x0000000780232648,0x0000000783e80000)
 Metaspace       used 8591K, capacity 8765K, committed 8960K, reserved 1056768K
  class space    used 918K, capacity 983K, committed 1024K, reserved 1048576K
Event: 9.332 GC heap after
Heap after GC invocations=18 (full 0):
 PSYoungGen      total 11776K, used 32K [0x00000007aab00000, 0x00000007ab800000, 0x00000007c0000000)
  eden space 10240K, 0% used [0x00000007aab00000,0x00000007aab00000,0x00000007ab500000)
  from space 1536K, 2% used [0x00000007ab680000,0x00000007ab688000,0x00000007ab800000)
  to   space 1536K, 0% used [0x00000007ab500000,0x00000007ab500000,0x00000007ab680000)
 ParOldGen       total 64000K, used 2249K [0x0000000780000000, 0x0000000783e80000, 0x00000007aab00000)
  object space 64000K, 3% used [0x0000000780000000,0x0000000780232648,0x0000000783e80000)
 Metaspace       used 8591K, capacity 8765K, committed 8960K, reserved 1056768K
  class space    used 918K, capacity 983K, committed 1024K, reserved 1048576K
}
Event: 10.085 GC heap before
{Heap before GC invocations=19 (full 0):
 PSYoungGen      total 11776K, used 10272K [0x00000007aab00000, 0x00000007ab800000, 0x00000007c0000000)
  eden space 10240K, 100% used [0x00000007aab00000,0x00000007ab500000,0x00000007ab500000)
  from space 1536K, 2% used [0x00000007ab680000,0x00000007ab688000,0x00000007ab800000)
  to   space 1536K, 0% used [0x00000007ab500000,0x00000007ab500000,0x00000007ab680000)
 ParOldGen       total 64000K, used 2249K [0x0000000780000000, 0x0000000783e80000, 0x00000007aab00000)
  object space 64000K, 3% used [0x0000000780000000,0x0000000780232648,0x0000000783e80000)
 Metaspace       used 8591K, capacity 8765K, committed 8960K, reserved 1056768K
  class space    used 918K, capacity 983K, committed 1024K, reserved 1048576K
Event: 10.086 GC heap after
Heap after GC invocations=19 (full 0):
 PSYoungGen      total 11776K, used 64K [0x00000007aab00000, 0x00000007ab800000, 0x00000007c0000000)
  eden space 10240K, 0% used [0x00000007aab00000,0x00000007aab00000,0x00000007ab500000)
  from space 1536K, 4% used [0x00000007ab500000,0x00000007ab510000,0x00000007ab680000)
  to   space 1536K, 0% used [0x00000007ab680000,0x00000007ab680000,0x00000007ab800000)
 ParOldGen       total 64000K, used 2249K [0x0000000780000000, 0x0000000783e80000, 0x00000007aab00000)
  object space 64000K, 3% used [0x0000000780000000,0x0000000780232648,0x0000000783e80000)
 Metaspace       used 8591K, capacity 8765K, committed 8960K, reserved 1056768K
  class space    used 918K, capacity 983K, committed 1024K, reserved 1048576K
}

