# JRE version: Java(TM) SE Runtime Environment (8.0_11-b12) (build 1.8.0_11-b12)
# Java VM: Java HotSpot(TM) 64-Bit Server VM (25.11-b03 mixed mode bsd-amd64 compressed oops)
Heap:
 PSYoungGen      total 8704K, used 6924K [0x00000007aab00000, 0x00000007ab800000, 0x00000007c0000000)
  eden space 8192K, 83% used [0x00000007aab00000,0x00000007ab1b3190,0x00000007ab300000)
  from space 512K, 12% used [0x00000007ab780000,0x00000007ab790000,0x00000007ab800000)
  to   space 1536K, 0% used [0x00000007ab500000,0x00000007ab500000,0x00000007ab680000)
 ParOldGen       total 64000K, used 2141K [0x0000000780000000, 0x0000000783e80000, 0x00000007aab00000)
  object space 64000K, 3% used [0x0000000780000000,0x0000000780217498,0x0000000783e80000)
 Metaspace       used 8483K, capacity 8605K, committed 8704K, reserved 1056768K
  class space    used 905K, capacity 951K, committed 1024K, reserved 1048576K
GC Heap History (10 events):
Event: 4.384 GC heap before
{Heap before GC invocations=10 (full 0):
 PSYoungGen      total 9728K, used 8288K [0x00000007aab00000, 0x00000007abb00000, 0x00000007c0000000)
  eden space 8192K, 100% used [0x00000007aab00000,0x00000007ab300000,0x00000007ab300000)
  from space 1536K, 6% used [0x00000007ab300000,0x00000007ab318000,0x00000007ab480000)
  to   space 1536K, 0% used [0x00000007ab980000,0x00000007ab980000,0x00000007abb00000)
 ParOldGen       total 64000K, used 2021K [0x0000000780000000, 0x0000000783e80000, 0x00000007aab00000)
  object space 64000K, 3% used [0x0000000780000000,0x00000007801f9498,0x0000000783e80000)
 Metaspace       used 8450K, capacity 8541K, committed 8704K, reserved 1056768K
  class space    used 904K, capacity 951K, committed 1024K, reserved 1048576K
Event: 4.385 GC heap after
Heap after GC invocations=10 (full 0):
 PSYoungGen      total 8704K, used 96K [0x00000007aab00000, 0x00000007aba00000, 0x00000007c0000000)
  eden space 8192K, 0% used [0x00000007aab00000,0x00000007aab00000,0x00000007ab300000)
  from space 512K, 18% used [0x00000007ab980000,0x00000007ab998000,0x00000007aba00000)
  to   space 1536K, 0% used [0x00000007ab700000,0x00000007ab700000,0x00000007ab880000)
 ParOldGen       total 64000K, used 2085K [0x0000000780000000, 0x0000000783e80000, 0x00000007aab00000)
  object space 64000K, 3% used [0x0000000780000000,0x0000000780209498,0x0000000783e80000)
 Metaspace       used 8450K, capacity 8541K, committed 8704K, reserved 1056768K
  class space    used 904K, capacity 951K, committed 1024K, reserved 1048576K
}
Event: 5.631 GC heap before
{Heap before GC invocations=11 (full 0):
 PSYoungGen      total 8704K, used 8288K [0x00000007aab00000, 0x00000007aba00000, 0x00000007c0000000)
  eden space 8192K, 100% used [0x00000007aab00000,0x00000007ab300000,0x00000007ab300000)
  from space 512K, 18% used [0x00000007ab980000,0x00000007ab998000,0x00000007aba00000)
  to   space 1536K, 0% used [0x00000007ab700000,0x00000007ab700000,0x00000007ab880000)
 ParOldGen       total 64000K, used 2085K [0x0000000780000000, 0x0000000783e80000, 0x00000007aab00000)
  object space 64000K, 3% used [0x0000000780000000,0x0000000780209498,0x0000000783e80000)
 Metaspace       used 8467K, capacity 8605K, committed 8704K, reserved 1056768K
  class space    used 904K, capacity 951K, committed 1024K, reserved 1048576K
Event: 5.632 GC heap after
Heap after GC invocations=11 (full 0):
 PSYoungGen      total 9728K, used 64K [0x00000007aab00000, 0x00000007aba00000, 0x00000007c0000000)
  eden space 8192K, 0% used [0x00000007aab00000,0x00000007aab00000,0x00000007ab300000)
  from space 1536K, 4% used [0x00000007ab700000,0x00000007ab710000,0x00000007ab880000)
  to   space 1536K, 0% used [0x00000007ab880000,0x00000007ab880000,0x00000007aba00000)
 ParOldGen       total 64000K, used 2101K [0x0000000780000000, 0x0000000783e80000, 0x00000007aab00000)
  object space 64000K, 3% used [0x0000000780000000,0x000000078020d498,0x0000000783e80000)
 Metaspace       used 8467K, capacity 8605K, committed 8704K, reserved 1056768K
  class space    used 904K, capacity 951K, committed 1024K, reserved 1048576K
}
Event: 6.882 GC heap before
{Heap before GC invocations=12 (full 0):
 PSYoungGen      total 9728K, used 8256K [0x00000007aab00000, 0x00000007aba00000, 0x00000007c0000000)
  eden space 8192K, 100% used [0x00000007aab00000,0x00000007ab300000,0x00000007ab300000)
  from space 1536K, 4% used [0x00000007ab700000,0x00000007ab710000,0x00000007ab880000)
  to   space 1536K, 0% used [0x00000007ab880000,0x00000007ab880000,0x00000007aba00000)
 ParOldGen       total 64000K, used 2101K [0x0000000780000000, 0x0000000783e80000, 0x00000007aab00000)
  object space 64000K, 3% used [0x0000000780000000,0x000000078020d498,0x0000000783e80000)
 Metaspace       used 8469K, capacity 8605K, committed 8704K, reserved 1056768K
  class space    used 904K, capacity 951K, committed 1024K, reserved 1048576K
Event: 6.883 GC heap after
Heap after GC invocations=12 (full 0):
 PSYoungGen      total 8704K, used 64K [0x00000007aab00000, 0x00000007ab900000, 0x00000007c0000000)
  eden space 8192K, 0% used [0x00000007aab00000,0x00000007aab00000,0x00000007ab300000)
  from space 512K, 12% used [0x00000007ab880000,0x00000007ab890000,0x00000007ab900000)
  to   space 1536K, 0% used [0x00000007ab600000,0x00000007ab600000,0x00000007ab780000)
 ParOldGen       total 64000K, used 2109K [0x0000000780000000, 0x0000000783e80000, 0x00000007aab00000)
  object space 64000K, 3% used [0x0000000780000000,0x000000078020f498,0x0000000783e80000)
 Metaspace       used 8469K, capacity 8605K, committed 8704K, reserved 1056768K
  class space    used 904K, capacity 951K, committed 1024K, reserved 1048576K
}
Event: 8.132 GC heap before
{Heap before GC invocations=13 (full 0):
 PSYoungGen      total 8704K, used 8256K [0x00000007aab00000, 0x00000007ab900000, 0x00000007c0000000)
  eden space 8192K, 100% used [0x00000007aab00000,0x00000007ab300000,0x00000007ab300000)
  from space 512K, 12% used [0x00000007ab880000,0x00000007ab890000,0x00000007ab900000)
  to   space 1536K, 0% used [0x00000007ab600000,0x00000007ab600000,0x00000007ab780000)
 ParOldGen       total 64000K, used 2109K [0x0000000780000000, 0x0000000783e80000, 0x00000007aab00000)
  object space 64000K, 3% used [0x0000000780000000,0x000000078020f498,0x0000000783e80000)
 Metaspace       used 8474K, capacity 8605K, committed 8704K, reserved 1056768K
  class space    used 904K, capacity 951K, committed 1024K, reserved 1048576K
Event: 8.133 GC heap after
Heap after GC invocations=13 (full 0):
 PSYoungGen      total 9728K, used 64K [0x00000007aab00000, 0x00000007ab900000, 0x00000007c0000000)
  eden space 8192K, 0% used [0x00000007aab00000,0x00000007aab00000,0x00000007ab300000)
  from space 1536K, 4% used [0x00000007ab600000,0x00000007ab610000,0x00000007ab780000)
  to   space 1536K, 0% used [0x00000007ab780000,0x00000007ab780000,0x00000007ab900000)
 ParOldGen       total 64000K, used 2125K [0x0000000780000000, 0x0000000783e80000, 0x00000007aab00000)
  object space 64000K, 3% used [0x0000000780000000,0x0000000780213498,0x0000000783e80000)
 Metaspace       used 8474K, capacity 8605K, committed 8704K, reserved 1056768K
  class space    used 904K, capacity 951K, committed 1024K, reserved 1048576K
}
Event: 9.381 GC heap before
{Heap before GC invocations=14 (full 0):
 PSYoungGen      total 9728K, used 8256K [0x00000007aab00000, 0x00000007ab900000, 0x00000007c0000000)
  eden space 8192K, 100% used [0x00000007aab00000,0x00000007ab300000,0x00000007ab300000)
  from space 1536K, 4% used [0x00000007ab600000,0x00000007ab610000,0x00000007ab780000)
  to   space 1536K, 0% used [0x00000007ab780000,0x00000007ab780000,0x00000007ab900000)
 ParOldGen       total 64000K, used 2125K [0x0000000780000000, 0x0000000783e80000, 0x00000007aab00000)
  object space 64000K, 3% used [0x0000000780000000,0x0000000780213498,0x0000000783e80000)
 Metaspace       used 8477K, capacity 8605K, committed 8704K, reserved 1056768K
  class space    used 904K, capacity 951K, committed 1024K, reserved 1048576K
Event: 9.382 GC heap after
Heap after GC invocations=14 (full 0):
 PSYoungGen      total 8704K, used 64K [0x00000007aab00000, 0x00000007ab800000, 0x00000007c0000000)
  eden space 8192K, 0% used [0x00000007aab00000,0x00000007aab00000,0x00000007ab300000)
  from space 512K, 12% used [0x00000007ab780000,0x00000007ab790000,0x00000007ab800000)
  to   space 1536K, 0% used [0x00000007ab500000,0x00000007ab500000,0x00000007ab680000)
 ParOldGen       total 64000K, used 2141K [0x0000000780000000, 0x0000000783e80000, 0x00000007aab00000)
  object space 64000K, 3% used [0x0000000780000000,0x0000000780217498,0x0000000783e80000)
 Metaspace       used 8477K, capacity 8605K, committed 8704K, reserved 1056768K
  class space    used 904K, capacity 951K, committed 1024K, reserved 1048576K
}

